2020-02-19 17:35:32,258 [main] INFO SeleniumCucumber - Appium Connection is establishing
2020-02-19 17:35:32,295 [main] INFO SeleniumCucumber - >>>>>>>>>>>>Opened The Application<<<<<<<<<<<<<<<<
2020-02-19 17:35:40,230 [main] INFO SeleniumCucumber - >>>>>>>>>>>>>>>Endered the login details<<<<<<<<<<<<<<<<<<<<<<
2020-02-19 17:35:40,928 [main] INFO SeleniumCucumber - Clicked Login
2020-02-19 17:42:29,910 [main] INFO SeleniumCucumber - Appium Connection is establishing
2020-02-19 17:42:29,948 [main] INFO SeleniumCucumber - >>>>>>>>>>>>Opened The Application<<<<<<<<<<<<<<<<
2020-02-19 17:42:37,955 [main] INFO SeleniumCucumber - >>>>>>>>>>>>>>>Endered the login details<<<<<<<<<<<<<<<<<<<<<<
2020-02-19 17:42:38,581 [main] INFO SeleniumCucumber - Clicked Login
2020-02-19 17:49:09,453 [main] INFO SeleniumCucumber - Appium Connection is establishing
2020-02-19 17:49:09,505 [main] INFO SeleniumCucumber - >>>>>>>>>>>>Opened The Application<<<<<<<<<<<<<<<<
2020-02-19 17:49:17,271 [main] INFO SeleniumCucumber - >>>>>>>>>>>>>>>Endered the login details<<<<<<<<<<<<<<<<<<<<<<
2020-02-19 17:49:17,944 [main] INFO SeleniumCucumber - Clicked Login
2020-02-19 17:50:28,704 [main] INFO SeleniumCucumber - Appium Connection is establishing
2020-02-19 17:50:28,738 [main] INFO SeleniumCucumber - >>>>>>>>>>>>Opened The Application<<<<<<<<<<<<<<<<
2020-02-19 17:50:37,285 [main] INFO SeleniumCucumber - >>>>>>>>>>>>>>>Endered the login details<<<<<<<<<<<<<<<<<<<<<<
2020-02-19 17:50:37,904 [main] INFO SeleniumCucumber - Clicked Login
2020-02-19 17:51:46,997 [main] INFO SeleniumCucumber - Appium Connection is establishing
2020-02-19 17:51:47,036 [main] INFO SeleniumCucumber - >>>>>>>>>>>>Opened The Application<<<<<<<<<<<<<<<<
2020-02-19 17:51:55,320 [main] INFO SeleniumCucumber - >>>>>>>>>>>>>>>Endered the login details<<<<<<<<<<<<<<<<<<<<<<
2020-02-19 17:51:55,825 [main] INFO SeleniumCucumber - Clicked Login
2020-02-19 17:55:07,167 [main] INFO SeleniumCucumber - Appium Connection is establishing
2020-02-19 17:55:07,197 [main] INFO SeleniumCucumber - >>>>>>>>>>>>Opened The Application<<<<<<<<<<<<<<<<
2020-02-19 17:55:14,563 [main] INFO SeleniumCucumber - >>>>>>>>>>>>>>>Endered the login details<<<<<<<<<<<<<<<<<<<<<<
2020-02-19 17:55:15,308 [main] INFO SeleniumCucumber - Clicked Login
2020-02-20 10:14:54,782 [main] INFO SeleniumCucumber - Appium Connection is establishing
2020-02-20 10:14:54,904 [main] INFO SeleniumCucumber - >>>>>>>>>>>>Opened The Application<<<<<<<<<<<<<<<<
2020-02-20 10:15:02,498 [main] INFO SeleniumCucumber - >>>>>>>>>>>>>>>Endered the login details<<<<<<<<<<<<<<<<<<<<<<
2020-02-20 10:15:03,130 [main] INFO SeleniumCucumber - Clicked Login
2020-02-20 10:17:11,650 [main] INFO SeleniumCucumber - Appium Connection is establishing
2020-02-20 10:17:11,688 [main] INFO SeleniumCucumber - >>>>>>>>>>>>Opened The Application<<<<<<<<<<<<<<<<
2020-02-20 10:17:20,252 [main] INFO SeleniumCucumber - >>>>>>>>>>>>>>>Endered the login details<<<<<<<<<<<<<<<<<<<<<<
2020-02-20 10:17:20,889 [main] INFO SeleniumCucumber - Clicked Login
2020-02-20 10:26:28,323 [main] INFO SeleniumCucumber - Appium Connection is establishing
2020-02-20 10:26:28,368 [main] INFO SeleniumCucumber - >>>>>>>>>>>>Opened The Application<<<<<<<<<<<<<<<<
2020-02-20 10:26:35,281 [main] INFO SeleniumCucumber - >>>>>>>>>>>>>>>Endered the login details<<<<<<<<<<<<<<<<<<<<<<
2020-02-20 10:26:35,991 [main] INFO SeleniumCucumber - Clicked Login
2020-02-20 10:29:48,940 [main] INFO SeleniumCucumber - Appium Connection is establishing
2020-02-20 10:29:48,967 [main] INFO SeleniumCucumber - >>>>>>>>>>>>Opened The Application<<<<<<<<<<<<<<<<
2020-02-20 10:29:55,758 [main] INFO SeleniumCucumber - >>>>>>>>>>>>>>>Endered the login details<<<<<<<<<<<<<<<<<<<<<<
2020-02-20 10:29:56,429 [main] INFO SeleniumCucumber - Clicked Login
2020-02-20 10:35:47,262 [main] INFO SeleniumCucumber - Appium Connection is establishing
2020-02-20 10:35:47,312 [main] INFO SeleniumCucumber - >>>>>>>>>>>>Opened The Application<<<<<<<<<<<<<<<<
2020-02-20 10:35:52,378 [main] INFO SeleniumCucumber - >>>>>>>>>>>>>>>Endered the login details<<<<<<<<<<<<<<<<<<<<<<
2020-02-20 10:35:53,040 [main] INFO SeleniumCucumber - Clicked Login
2020-02-20 10:37:21,219 [main] INFO SeleniumCucumber - Appium Connection is establishing
2020-02-20 10:37:21,249 [main] INFO SeleniumCucumber - >>>>>>>>>>>>Opened The Application<<<<<<<<<<<<<<<<
2020-02-20 10:37:27,833 [main] INFO SeleniumCucumber - >>>>>>>>>>>>>>>Endered the login details<<<<<<<<<<<<<<<<<<<<<<
2020-02-20 10:37:28,481 [main] INFO SeleniumCucumber - Clicked Login
2020-02-20 10:39:27,134 [main] INFO SeleniumCucumber - Appium Connection is establishing
2020-02-20 10:39:27,168 [main] INFO SeleniumCucumber - >>>>>>>>>>>>Opened The Application<<<<<<<<<<<<<<<<
2020-02-20 10:39:34,354 [main] INFO SeleniumCucumber - >>>>>>>>>>>>>>>Endered the login details<<<<<<<<<<<<<<<<<<<<<<
2020-02-20 10:39:35,013 [main] INFO SeleniumCucumber - Clicked Login
2020-02-20 10:51:26,224 [main] INFO SeleniumCucumber - Appium Connection is establishing
2020-02-20 10:51:26,268 [main] INFO SeleniumCucumber - >>>>>>>>>>>>Opened The Application<<<<<<<<<<<<<<<<
2020-02-20 10:51:33,016 [main] INFO SeleniumCucumber - >>>>>>>>>>>>>>>Endered the login details<<<<<<<<<<<<<<<<<<<<<<
2020-02-20 10:51:33,694 [main] INFO SeleniumCucumber - Clicked Login
2020-02-20 11:04:38,256 [main] INFO SeleniumCucumber - Appium Connection is establishing
2020-02-20 11:04:38,285 [main] INFO SeleniumCucumber - >>>>>>>>>>>>Opened The Application<<<<<<<<<<<<<<<<
2020-02-20 11:04:46,416 [main] INFO SeleniumCucumber - >>>>>>>>>>>>>>>Endered the login details<<<<<<<<<<<<<<<<<<<<<<
2020-02-20 11:04:47,083 [main] INFO SeleniumCucumber - Clicked Login
2020-02-20 11:05:34,801 [main] INFO SeleniumCucumber - >>>>>>>>>Got Home page Text<<<<<<<<<
2020-02-20 11:38:02,858 [main] INFO SeleniumCucumber - Appium Connection is establishing
2020-02-20 11:38:02,923 [main] INFO SeleniumCucumber - >>>>>>>>>>>>Opened The Application<<<<<<<<<<<<<<<<
2020-02-20 11:38:08,324 [main] INFO SeleniumCucumber - >>>>>>>>>>>>>>>Endered the login details<<<<<<<<<<<<<<<<<<<<<<
2020-02-20 11:38:08,966 [main] INFO SeleniumCucumber - Clicked Login
2020-02-20 11:38:25,685 [main] INFO SeleniumCucumber - >>>>>>>>>Got Home page Text<<<<<<<<<
2020-02-20 11:39:44,785 [main] INFO SeleniumCucumber - Appium Connection is establishing
2020-02-20 11:39:44,827 [main] INFO SeleniumCucumber - >>>>>>>>>>>>Opened The Application<<<<<<<<<<<<<<<<
2020-02-20 11:39:51,287 [main] INFO SeleniumCucumber - >>>>>>>>>>>>>>>Endered the login details<<<<<<<<<<<<<<<<<<<<<<
2020-02-20 11:39:51,903 [main] INFO SeleniumCucumber - Clicked Login
2020-02-20 11:40:08,445 [main] INFO SeleniumCucumber - >>>>>>>>>Got Home page Text<<<<<<<<<
2020-02-20 11:56:59,094 [main] INFO SeleniumCucumber - Appium Connection is establishing
2020-02-20 11:56:59,115 [main] INFO SeleniumCucumber - >>>>>>>>>>>>Opened The Application<<<<<<<<<<<<<<<<
2020-02-20 11:57:05,447 [main] INFO SeleniumCucumber - >>>>>>>>>>>>>>>Endered the login details<<<<<<<<<<<<<<<<<<<<<<
2020-02-20 11:57:06,106 [main] INFO SeleniumCucumber - Clicked Login
2020-02-20 11:57:22,429 [main] INFO SeleniumCucumber - >>>>>>>>>Got Home page Text<<<<<<<<<
2020-02-20 12:00:14,422 [main] INFO SeleniumCucumber - Appium Connection is establishing
2020-02-20 12:00:14,436 [main] INFO SeleniumCucumber - >>>>>>>>>>>>Opened The Application<<<<<<<<<<<<<<<<
2020-02-20 12:00:21,673 [main] INFO SeleniumCucumber - >>>>>>>>>>>>>>>Endered the login details<<<<<<<<<<<<<<<<<<<<<<
2020-02-20 12:00:22,377 [main] INFO SeleniumCucumber - Clicked Login
2020-02-20 12:00:38,802 [main] INFO SeleniumCucumber - >>>>>>>>>Got Home page Text<<<<<<<<<
2020-02-20 12:13:34,763 [main] INFO SeleniumCucumber - Appium Connection is establishing
2020-02-20 12:13:34,779 [main] INFO SeleniumCucumber - >>>>>>>>>>>>Opened The Application<<<<<<<<<<<<<<<<
2020-02-20 12:13:42,208 [main] INFO SeleniumCucumber - >>>>>>>>>>>>>>>Endered the login details<<<<<<<<<<<<<<<<<<<<<<
2020-02-20 12:13:42,904 [main] INFO SeleniumCucumber - Clicked Login
2020-02-20 12:13:59,496 [main] INFO SeleniumCucumber - >>>>>>>>>Got Home page Text<<<<<<<<<
2020-02-20 12:14:24,775 [main] INFO SeleniumCucumber - Count has been decreased
2020-02-20 14:46:19,553 [main] INFO SeleniumCucumber - Appium Connection is establishing
2020-02-20 14:46:19,574 [main] INFO SeleniumCucumber - >>>>>>>>>>>>Opened The Application<<<<<<<<<<<<<<<<
2020-02-20 15:22:18,400 [main] INFO SeleniumCucumber - Appium Connection is establishing
2020-02-20 15:22:18,421 [main] INFO SeleniumCucumber - >>>>>>>>>>>>Opened The Application<<<<<<<<<<<<<<<<
2020-02-20 15:36:22,799 [main] INFO SeleniumCucumber - Appium Connection is establishing
2020-02-20 15:36:22,811 [main] INFO SeleniumCucumber - >>>>>>>>>>>>Opened The Application<<<<<<<<<<<<<<<<
2020-02-20 15:48:43,671 [main] INFO SeleniumCucumber - Appium Connection is establishing
2020-02-20 15:48:43,683 [main] INFO SeleniumCucumber - >>>>>>>>>>>>Opened The iOS Application<<<<<<<<<<<<<<<<
2020-02-20 15:49:29,061 [main] INFO SeleniumCucumber - Endered the login details
2020-02-20 15:50:33,601 [main] INFO SeleniumCucumber - Clicked iOS Login
2020-02-20 15:59:58,653 [main] INFO SeleniumCucumber - Appium Connection is establishing
2020-02-20 15:59:58,669 [main] INFO SeleniumCucumber - >>>>>>>>>>>>Opened The iOS Application<<<<<<<<<<<<<<<<
2020-02-20 16:01:22,161 [main] INFO SeleniumCucumber - Appium Connection is establishing
2020-02-20 16:01:22,168 [main] INFO SeleniumCucumber - >>>>>>>>>>>>Opened The iOS Application<<<<<<<<<<<<<<<<
2020-02-20 16:13:49,596 [main] INFO SeleniumCucumber - Appium Connection is establishing
2020-02-20 16:13:49,617 [main] INFO SeleniumCucumber - >>>>>>>>>>>>Opened The iOS Application<<<<<<<<<<<<<<<<
2020-02-20 16:14:33,357 [main] INFO SeleniumCucumber - Endered the login details
2020-02-20 16:15:35,214 [main] INFO SeleniumCucumber - Clicked iOS Login1
2020-02-20 16:15:36,146 [main] INFO SeleniumCucumber - Clicked iOS Login2
2020-02-20 16:16:17,395 [main] INFO SeleniumCucumber - >>>>>>>>>Got iOS Home page Text<<<<<<<<<
